20:36:43 [INFO] 浏览器已连接，等待操作...
20:36:51 [INFO] 已备份: bid_info_backup.csv
20:36:51 [INFO] 已连接: 12345-全国招中标信息大全-知了标讯
20:36:52 [INFO] 第 1 页，发现 10 条
20:36:56 [INFO] 第 2 页，发现 10 条
20:36:59 [INFO] 第 3 页，发现 10 条
20:37:04 [INFO] 第 4 页，发现 10 条
20:37:07 [INFO] 第 5 页，发现 10 条
20:37:11 [INFO] 第 6 页，发现 10 条
20:37:14 [INFO] 第 7 页，发现 10 条
20:37:17 [INFO] 第 8 页，发现 10 条
20:37:21 [INFO] 第 9 页，发现 10 条
20:37:24 [INFO] 第 10 页，发现 10 条
20:37:27 [INFO] 第 11 页，发现 10 条
20:37:31 [INFO] 第 12 页，发现 10 条
20:37:34 [INFO] 第 13 页，发现 10 条
20:37:37 [INFO] 第 14 页，发现 10 条
20:37:41 [INFO] 第 15 页，发现 10 条
20:37:45 [INFO] 第 16 页，发现 10 条
20:37:49 [INFO] 第 17 页，发现 10 条
20:37:53 [INFO] 第 18 页，发现 10 条
20:37:58 [INFO] 第 19 页，发现 10 条
20:38:03 [INFO] 第 20 页，发现 10 条
20:38:08 [INFO] 第 21 页，发现 10 条
20:38:14 [INFO] 第 22 页，发现 10 条
20:38:18 [INFO] 第 23 页，发现 10 条
20:38:23 [INFO] 第 24 页，发现 10 条
20:38:26 [INFO] 第 25 页，发现 10 条
20:38:30 [INFO] 第 26 页，发现 10 条
20:38:35 [INFO] 第 27 页，发现 10 条
20:38:38 [INFO] 第 28 页，发现 10 条
20:38:43 [INFO] 第 29 页，发现 10 条
20:38:47 [INFO] 第 30 页，发现 10 条
20:38:47 [INFO] 已达到最大页数: 30
20:38:47 [INFO] 爬取结束: 30 页, 300 条, 耗时 116.1秒
20:41:20 [INFO] Excel 导出成功: bid_info.xlsx
21:14:41 [INFO] 浏览器已连接，等待操作...
21:14:50 [INFO] 已备份: bid_info_backup.csv
21:14:50 [INFO] 已连接: 12345-全国招中标信息大全-知了标讯
21:14:52 [INFO] 第 1 页，发现 10 条
21:14:56 [INFO] 第 2 页，发现 10 条
21:15:11 [INFO] 用户点击停止，等待当前操作完成...
21:15:20 [INFO] 爬取结束: 2 页, 18 条, 耗时 29.4秒
21:18:44 [INFO] 浏览器已连接，等待操作...
21:18:49 [INFO] 已备份: bid_info_backup.csv
21:18:49 [INFO] 已连接: 12345-全国招中标信息大全-知了标讯
21:18:49 [INFO] 第 1 页，发现 10 条
21:18:55 [INFO] 第 2 页，发现 10 条
21:18:59 [INFO] 第 3 页，发现 10 条
21:19:02 [INFO] 第 4 页，发现 10 条
21:19:04 [INFO] 第 5 页，发现 10 条
21:19:08 [INFO] 第 6 页，发现 10 条
21:19:52 [INFO] 第 7 页，发现 10 条
21:19:55 [INFO] 第 8 页，发现 10 条
21:20:01 [INFO] 第 9 页，发现 10 条
21:20:05 [INFO] 第 10 页，发现 10 条
21:20:09 [INFO] 第 11 页，发现 10 条
21:20:37 [INFO] 第 12 页，发现 10 条
21:20:54 [INFO] 第 13 页，发现 10 条
21:20:57 [INFO] 第 14 页，发现 10 条
21:21:00 [INFO] 第 15 页，发现 10 条
21:21:03 [INFO] 第 16 页，发现 10 条
21:21:07 [INFO] 第 17 页，发现 10 条
21:21:30 [INFO] 第 18 页，发现 10 条
21:22:08 [INFO] 第 19 页，发现 10 条
21:22:11 [INFO] 第 20 页，发现 10 条
21:22:17 [INFO] 第 21 页，发现 10 条
21:22:19 [INFO] 第 22 页，发现 10 条
21:22:23 [INFO] 第 23 页，发现 10 条
21:22:26 [INFO] 第 24 页，发现 10 条
21:22:29 [INFO] 第 25 页，发现 10 条
21:22:54 [INFO] 第 26 页，发现 10 条
21:22:57 [INFO] 第 27 页，发现 10 条
21:23:01 [INFO] 第 28 页，发现 10 条
21:23:05 [INFO] 第 29 页，发现 10 条
21:23:09 [INFO] 第 30 页，发现 10 条
21:23:10 [INFO] 已达到最大页数: 30
21:23:10 [INFO] 爬取结束: 30 页, 300 条, 耗时 260.9秒
21:24:13 [INFO] Excel 导出成功: bid_info.xlsx
